<?xml version="1.0" encoding="UTF-8"?>
<testsuite name="chap3.ExpiryDateCalculatorTest" tests="1" skipped="0" failures="0" errors="0" timestamp="2022-05-11T03:24:27" hostname="jkjeongs-MacBook-Air.local" time="0.017">
  <properties/>
  <testcase name="십만원을_납부하면_1년_제공()" classname="chap3.ExpiryDateCalculatorTest" time="0.017"/>
  <system-out><![CDATA[]]></system-out>
  <system-err><![CDATA[]]></system-err>
</testsuite>
