<?xml version="1.0" encoding="UTF-8"?>
<testsuite name="chap2.PasswordStrengthMeterTest" tests="1" skipped="0" failures="0" errors="0" timestamp="2022-05-10T01:50:41" hostname="jkjeongs-MacBook-Air.local" time="0.018">
  <properties/>
  <testcase name="meetsNoCriteria_Then_Weak()" classname="chap2.PasswordStrengthMeterTest" time="0.018"/>
  <system-out><![CDATA[]]></system-out>
  <system-err><![CDATA[]]></system-err>
</testsuite>
